<?xml version="1.0" encoding="UTF-8"?>
<!-- Generated by org.testng.reporters.JUnitReportReporter -->
<testsuite hostname="LAPTOP-JO4GC01U" failures="0" tests="1" name="Sample.Practise.FirstCode" time="0.012" errors="0" timestamp="29 Jan 2023 14:01:53 GMT">
  <testcase classname="Sample.Practise.FirstCode" name="login" time="0.012"/>
</testsuite> <!-- Sample.Practise.FirstCode -->
