<?xml version="1.0" encoding="UTF-8"?>
<!-- Generated by org.testng.reporters.JUnitReportReporter -->
<testsuite hostname="LAPTOP-JO4GC01U" name="Sample.Practise.FirstCode" tests="1" failures="0" timestamp="29 Jan 2023 14:06:16 GMT" time="0.007" errors="0">
  <testcase name="login" time="0.007" classname="Sample.Practise.FirstCode"/>
</testsuite> <!-- Sample.Practise.FirstCode -->
